[backblue.gif]
[fade.gif]
[index.html]
[tdcheats.com/assets/js/particles.min.js]
[cdn.sellix.io/static/js/embed.js]
[cdn.sellix.io/static/css/embed.css]
[unpkg.com/aos@2.3.1/dist/aos.css]
[tdcheats.com/assets/img/logo.png]
[tdcheats.com/assets/img/icons/lightning.png]
[unpkg.com/aos@2.3.1/dist/aos.js]
[tdcheats.com/assets/js/bootstrap.min.js]
[tdcheats.com/assets/js/index.js]
[tdcheats.com/index.html]
[tdcheats.com/assets/css/bootstrap.min.css]
[tdcheats.com/assets/css/styles.css]
[cdn.sellix.io/static/css/embed.css]
[unpkg.com/aos@2.3.1/dist/aos.css]
[tdcheats.com/home.html]
[tdcheats.com/status.html]
[tdcheats.com/terms.html]
[tdcheats.com/login.html]
[tdcheats.com/assets/img/mtfuji.html]
